<?xml version="1.0" encoding="UTF-8"?>
<testng-results skipped="0" failed="1" ignored="0" total="2" passed="1">
  <reporter-output>
  </reporter-output>
  <suite name="Suite" duration-ms="6995" started-at="2020-08-08T14:01:41Z" finished-at="2020-08-08T14:01:48Z">
    <groups>
    </groups>
    <test name="Test" duration-ms="6995" started-at="2020-08-08T14:01:41Z" finished-at="2020-08-08T14:01:48Z">
      <class name="org.testing.TestScripts.PostRequestTC">
        <test-method status="FAIL" signature="main([Ljava.lang.String;)[pri:0, instance:org.testing.TestScripts.PostRequestTC@7823a2f9]" name="main" duration-ms="0" started-at="2020-08-08T19:31:48Z" finished-at="2020-08-08T19:31:48Z">
          <exception class="org.testng.TestNGException">
            <message>
              <![CDATA[
Cannot inject @Test annotated Method [main] with [class [Ljava.lang.String;].
For more information on native dependency injection please refer to http://testng.org/doc/documentation-main.html#native-dependency-injection]]>
            </message>
            <full-stacktrace>
              <![CDATA[org.testng.TestNGException: 
Cannot inject @Test annotated Method [main] with [class [Ljava.lang.String;].
For more information on native dependency injection please refer to http://testng.org/doc/documentation-main.html#native-dependency-injection
	at org.testng.internal.Parameters.checkParameterTypes(Parameters.java:244)
	at org.testng.internal.Parameters.createParameters(Parameters.java:172)
	at org.testng.internal.Parameters.createParameters(Parameters.java:458)
	at org.testng.internal.Parameters.handleParameters(Parameters.java:568)
	at org.testng.internal.Invoker.handleParameters(Invoker.java:1293)
	at org.testng.internal.Invoker.createParameters(Invoker.java:1020)
	at org.testng.internal.Invoker.invokeTestMethods(Invoker.java:1110)
	at org.testng.internal.TestMethodWorker.invokeTestMethods(TestMethodWorker.java:129)
	at org.testng.internal.TestMethodWorker.run(TestMethodWorker.java:112)
	at org.testng.TestRunner.privateRun(TestRunner.java:756)
	at org.testng.TestRunner.run(TestRunner.java:610)
	at org.testng.SuiteRunner.runTest(SuiteRunner.java:387)
	at org.testng.SuiteRunner.runSequentially(SuiteRunner.java:382)
	at org.testng.SuiteRunner.privateRun(SuiteRunner.java:340)
	at org.testng.SuiteRunner.run(SuiteRunner.java:289)
	at org.testng.SuiteRunnerWorker.runSuite(SuiteRunnerWorker.java:52)
	at org.testng.SuiteRunnerWorker.run(SuiteRunnerWorker.java:86)
	at org.testng.TestNG.runSuitesSequentially(TestNG.java:1293)
	at org.testng.TestNG.runSuitesLocally(TestNG.java:1218)
	at org.testng.TestNG.runSuites(TestNG.java:1133)
	at org.testng.TestNG.run(TestNG.java:1104)
	at org.testng.remote.AbstractRemoteTestNG.run(AbstractRemoteTestNG.java:115)
	at org.testng.remote.RemoteTestNG.initAndRun(RemoteTestNG.java:251)
	at org.testng.remote.RemoteTestNG.main(RemoteTestNG.java:77)
]]>
            </full-stacktrace>
          </exception> <!-- org.testng.TestNGException -->
          <reporter-output>
          </reporter-output>
        </test-method> <!-- main -->
      </class> <!-- org.testing.TestScripts.PostRequestTC -->
      <class name="org.testing.TestScripts.GetRequestTC">
        <test-method status="PASS" signature="TC2()[pri:0, instance:org.testing.TestScripts.GetRequestTC@482f8f11]" name="TC2" duration-ms="6675" started-at="2020-08-08T19:31:41Z" finished-at="2020-08-08T19:31:48Z">
          <reporter-output>
          </reporter-output>
        </test-method> <!-- TC2 -->
      </class> <!-- org.testing.TestScripts.GetRequestTC -->
    </test> <!-- Test -->
  </suite> <!-- Suite -->
</testng-results>
