<?xml version="1.0" encoding="UTF-8"?>
<!-- Generated by org.testng.reporters.JUnitXMLReporter -->
<testsuite hostname="ManishSingh-PC" ignored="0" name="Test" tests="2" failures="1" timestamp="08 Aug 2020 14:01:48 GMT" time="6.995" errors="0">
  <testcase name="TC2" time="6.675" classname="org.testing.TestScripts.GetRequestTC"/>
  <testcase name="main" time="0.0" classname="org.testing.TestScripts.PostRequestTC">
    <failure type="org.testng.TestNGException" message="
Cannot inject @Test annotated Method [main] with [class [Ljava.lang.String;].
For more information on native dependency injection please refer to http://testng.org/doc/documentation-main.html#native-dependency-injection">
      <![CDATA[org.testng.TestNGException: 
Cannot inject @Test annotated Method [main] with [class [Ljava.lang.String;].
For more information on native dependency injection please refer to http://testng.org/doc/documentation-main.html#native-dependency-injection
... Removed 24 stack frames]]>
    </failure>
  </testcase> <!-- main -->
</testsuite> <!-- Test -->
